<?xml version="1.0" encoding="UTF-8"?>
<!-- Generated by org.testng.reporters.JUnitReportReporter -->
<testsuite hostname="DLDA0322" name="com.qait.automation.tatoc_maven.test" tests="5" failures="0" timestamp="20 Jun 2018 06:36:38 GMT" time="10.633" errors="0">
  <testcase name="third_page" time="0.335" classname="com.qait.automation.tatoc_maven.test"/>
  <testcase name="first_page_test" time="7.136" classname="com.qait.automation.tatoc_maven.test"/>
  <testcase name="second_page" time="1.146" classname="com.qait.automation.tatoc_maven.test"/>
  <testcase name="fifth_page" time="0.302" classname="com.qait.automation.tatoc_maven.test"/>
  <testcase name="fourth_page" time="1.714" classname="com.qait.automation.tatoc_maven.test"/>
</testsuite> <!-- com.qait.automation.tatoc_maven.test -->
